Mon Oct 04 15:23:12 CEST 2021 Thread[JavaFX Application Thread,5,main] Cleanup action starting
java.sql.SQLException: XJ040.C : [0] newDBderby, [1] jdk.internal.loader.ClassLoaders$AppClassLoader@3d24753a
	at org.apache.derby.impl.jdbc.SQLExceptionFactory.getSQLException(SQLExceptionFactory.java:115)
	at org.apache.derby.impl.jdbc.SQLExceptionFactory.getSQLException(SQLExceptionFactory.java:141)
	at org.apache.derby.impl.jdbc.Util.seeNextException(Util.java:252)
	at org.apache.derby.impl.jdbc.EmbedConnection.bootDatabase(EmbedConnection.java:2855)
	at org.apache.derby.impl.jdbc.EmbedConnection.<init>(EmbedConnection.java:411)
	at org.apache.derby.iapi.jdbc.InternalDriver$1.run(InternalDriver.java:660)
	at org.apache.derby.iapi.jdbc.InternalDriver$1.run(InternalDriver.java:656)
	at java.base/java.security.AccessController.doPrivileged(AccessController.java:554)
	at org.apache.derby.iapi.jdbc.InternalDriver.getNewEmbedConnection(InternalDriver.java:654)
	at org.apache.derby.iapi.jdbc.InternalDriver.connect(InternalDriver.java:300)
	at org.apache.derby.iapi.jdbc.InternalDriver.connect(InternalDriver.java:967)
	at org.apache.derby.iapi.jdbc.AutoloadedDriver.connect(AutoloadedDriver.java:136)
	at java.sql/java.sql.DriverManager.getConnection(DriverManager.java:677)
	at java.sql/java.sql.DriverManager.getConnection(DriverManager.java:251)
	at database.DerbydbClass.<init>(DerbydbClass.java:18)
	at application.ProxyStartController.startdbSAMPLE(ProxyStartController.java:38)
	at application.ProxyStartController.preload(ProxyStartController.java:31)
	at application.ProxyStartController.launch(ProxyStartController.java:21)
	at application.Main_app.start(Main_app.java:38)
	at javafx.graphics/com.sun.javafx.application.LauncherImpl.lambda$launchApplication1$9(LauncherImpl.java:847)
	at javafx.graphics/com.sun.javafx.application.PlatformImpl.lambda$runAndWait$12(PlatformImpl.java:484)
	at javafx.graphics/com.sun.javafx.application.PlatformImpl.lambda$runLater$10(PlatformImpl.java:457)
	at java.base/java.security.AccessController.doPrivileged(AccessController.java:391)
	at javafx.graphics/com.sun.javafx.application.PlatformImpl.lambda$runLater$11(PlatformImpl.java:456)
	at javafx.graphics/com.sun.glass.ui.InvokeLaterDispatcher$Future.run(InvokeLaterDispatcher.java:96)
	at javafx.graphics/com.sun.glass.ui.win.WinApplication._runLoop(Native Method)
	at javafx.graphics/com.sun.glass.ui.win.WinApplication.lambda$runLoop$3(WinApplication.java:184)
	at java.base/java.lang.Thread.run(Thread.java:831)
Caused by: ERROR XJ040: XJ040.C : [0] newDBderby, [1] jdk.internal.loader.ClassLoaders$AppClassLoader@3d24753a
	at org.apache.derby.shared.common.error.StandardException.newException(StandardException.java:300)
	at org.apache.derby.impl.jdbc.SQLExceptionFactory.wrapArgsForTransportAcrossDRDA(SQLExceptionFactory.java:170)
	at org.apache.derby.impl.jdbc.SQLExceptionFactory.getSQLException(SQLExceptionFactory.java:75)
	... 27 more
Caused by: ERROR XSDB6: XSDB6.D : [0] C:\Users\Velvi\eclipse-workspace\JFX4project1\newDBderby
	at org.apache.derby.shared.common.error.StandardException.newException(StandardException.java:300)
	at org.apache.derby.shared.common.error.StandardException.newException(StandardException.java:295)
	at org.apache.derby.impl.store.raw.data.BaseDataFileFactory.privGetJBMSLockOnDB(BaseDataFileFactory.java:1949)
	at org.apache.derby.impl.store.raw.data.BaseDataFileFactory.run(BaseDataFileFactory.java:2969)
	at java.base/java.security.AccessController.doPrivileged(AccessController.java:554)
	at org.apache.derby.impl.store.raw.data.BaseDataFileFactory.getJBMSLockOnDB(BaseDataFileFactory.java:1891)
	at org.apache.derby.impl.store.raw.data.BaseDataFileFactory.boot(BaseDataFileFactory.java:344)
	at org.apache.derby.impl.services.monitor.BaseMonitor.boot(BaseMonitor.java:2002)
	at org.apache.derby.impl.services.monitor.TopService.bootModule(TopService.java:334)
	at org.apache.derby.impl.services.monitor.BaseMonitor.startModule(BaseMonitor.java:538)
	at org.apache.derby.impl.services.monitor.FileMonitor.startModule(FileMonitor.java:48)
	at org.apache.derby.iapi.services.monitor.Monitor.bootServiceModule(Monitor.java:460)
	at org.apache.derby.impl.store.raw.RawStore$6.run(RawStore.java:2968)
	at java.base/java.security.AccessController.doPrivileged(AccessController.java:554)
	at org.apache.derby.impl.store.raw.RawStore.bootServiceModule(RawStore.java:2962)
	at org.apache.derby.impl.store.raw.RawStore.boot(RawStore.java:190)
	at org.apache.derby.impl.services.monitor.BaseMonitor.boot(BaseMonitor.java:2002)
	at org.apache.derby.impl.services.monitor.TopService.bootModule(TopService.java:334)
	at org.apache.derby.impl.services.monitor.BaseMonitor.startModule(BaseMonitor.java:538)
	at org.apache.derby.impl.services.monitor.FileMonitor.startModule(FileMonitor.java:48)
	at org.apache.derby.iapi.services.monitor.Monitor.bootServiceModule(Monitor.java:460)
	at org.apache.derby.impl.store.access.RAMAccessManager$5.run(RAMAccessManager.java:1393)
	at java.base/java.security.AccessController.doPrivileged(AccessController.java:554)
	at org.apache.derby.impl.store.access.RAMAccessManager.bootServiceModule(RAMAccessManager.java:1387)
	at org.apache.derby.impl.store.access.RAMAccessManager.boot(RAMAccessManager.java:1039)
	at org.apache.derby.impl.services.monitor.BaseMonitor.boot(BaseMonitor.java:2002)
	at org.apache.derby.impl.services.monitor.TopService.bootModule(TopService.java:334)
	at org.apache.derby.impl.services.monitor.BaseMonitor.startModule(BaseMonitor.java:538)
	at org.apache.derby.impl.services.monitor.FileMonitor.startModule(FileMonitor.java:48)
	at org.apache.derby.iapi.services.monitor.Monitor.bootServiceModule(Monitor.java:460)
	at org.apache.derby.impl.db.BasicDatabase$5.run(BasicDatabase.java:1001)
	at java.base/java.security.AccessController.doPrivileged(AccessController.java:554)
	at org.apache.derby.impl.db.BasicDatabase.bootServiceModule(BasicDatabase.java:995)
	at org.apache.derby.impl.db.BasicDatabase.bootStore(BasicDatabase.java:777)
	at org.apache.derby.impl.db.BasicDatabase.boot(BasicDatabase.java:186)
	at org.apache.derby.impl.services.monitor.BaseMonitor.boot(BaseMonitor.java:2002)
	at org.apache.derby.impl.services.monitor.TopService.bootModule(TopService.java:334)
	at org.apache.derby.impl.services.monitor.BaseMonitor.bootService(BaseMonitor.java:1830)
	at org.apache.derby.impl.services.monitor.BaseMonitor.startProviderService(BaseMonitor.java:1696)
	at org.apache.derby.impl.services.monitor.BaseMonitor.findProviderAndStartService(BaseMonitor.java:1580)
	at org.apache.derby.impl.services.monitor.BaseMonitor.startPersistentService(BaseMonitor.java:999)
	at org.apache.derby.iapi.services.monitor.Monitor.startPersistentService(Monitor.java:598)
	at org.apache.derby.impl.jdbc.EmbedConnection$4.run(EmbedConnection.java:4042)
	at org.apache.derby.impl.jdbc.EmbedConnection$4.run(EmbedConnection.java:4038)
	at java.base/java.security.AccessController.doPrivileged(AccessController.java:554)
	at org.apache.derby.impl.jdbc.EmbedConnection.startPersistentService(EmbedConnection.java:4036)
	at org.apache.derby.impl.jdbc.EmbedConnection.bootDatabase(EmbedConnection.java:2816)
	... 24 more
============= begin nested exception, level (1) ===========
java.sql.SQLException: XSDB6.D : [0] C:\Users\Velvi\eclipse-workspace\JFX4project1\newDBderby
	at org.apache.derby.impl.jdbc.SQLExceptionFactory.getSQLException(SQLExceptionFactory.java:115)
	at org.apache.derby.impl.jdbc.Util.generateCsSQLException(Util.java:230)
	at org.apache.derby.impl.jdbc.EmbedConnection.bootDatabase(EmbedConnection.java:2853)
	at org.apache.derby.impl.jdbc.EmbedConnection.<init>(EmbedConnection.java:411)
	at org.apache.derby.iapi.jdbc.InternalDriver$1.run(InternalDriver.java:660)
	at org.apache.derby.iapi.jdbc.InternalDriver$1.run(InternalDriver.java:656)
	at java.base/java.security.AccessController.doPrivileged(AccessController.java:554)
	at org.apache.derby.iapi.jdbc.InternalDriver.getNewEmbedConnection(InternalDriver.java:654)
	at org.apache.derby.iapi.jdbc.InternalDriver.connect(InternalDriver.java:300)
	at org.apache.derby.iapi.jdbc.InternalDriver.connect(InternalDriver.java:967)
	at org.apache.derby.iapi.jdbc.AutoloadedDriver.connect(AutoloadedDriver.java:136)
	at java.sql/java.sql.DriverManager.getConnection(DriverManager.java:677)
	at java.sql/java.sql.DriverManager.getConnection(DriverManager.java:251)
	at database.DerbydbClass.<init>(DerbydbClass.java:18)
	at application.ProxyStartController.startdbSAMPLE(ProxyStartController.java:38)
	at application.ProxyStartController.preload(ProxyStartController.java:31)
	at application.ProxyStartController.launch(ProxyStartController.java:21)
	at application.Main_app.start(Main_app.java:38)
	at javafx.graphics/com.sun.javafx.application.LauncherImpl.lambda$launchApplication1$9(LauncherImpl.java:847)
	at javafx.graphics/com.sun.javafx.application.PlatformImpl.lambda$runAndWait$12(PlatformImpl.java:484)
	at javafx.graphics/com.sun.javafx.application.PlatformImpl.lambda$runLater$10(PlatformImpl.java:457)
	at java.base/java.security.AccessController.doPrivileged(AccessController.java:391)
	at javafx.graphics/com.sun.javafx.application.PlatformImpl.lambda$runLater$11(PlatformImpl.java:456)
	at javafx.graphics/com.sun.glass.ui.InvokeLaterDispatcher$Future.run(InvokeLaterDispatcher.java:96)
	at javafx.graphics/com.sun.glass.ui.win.WinApplication._runLoop(Native Method)
	at javafx.graphics/com.sun.glass.ui.win.WinApplication.lambda$runLoop$3(WinApplication.java:184)
	at java.base/java.lang.Thread.run(Thread.java:831)
Caused by: ERROR XSDB6: XSDB6.D : [0] C:\Users\Velvi\eclipse-workspace\JFX4project1\newDBderby
	at org.apache.derby.shared.common.error.StandardException.newException(StandardException.java:300)
	at org.apache.derby.shared.common.error.StandardException.newException(StandardException.java:295)
	at org.apache.derby.impl.store.raw.data.BaseDataFileFactory.privGetJBMSLockOnDB(BaseDataFileFactory.java:1949)
	at org.apache.derby.impl.store.raw.data.BaseDataFileFactory.run(BaseDataFileFactory.java:2969)
	at java.base/java.security.AccessController.doPrivileged(AccessController.java:554)
	at org.apache.derby.impl.store.raw.data.BaseDataFileFactory.getJBMSLockOnDB(BaseDataFileFactory.java:1891)
	at org.apache.derby.impl.store.raw.data.BaseDataFileFactory.boot(BaseDataFileFactory.java:344)
	at org.apache.derby.impl.services.monitor.BaseMonitor.boot(BaseMonitor.java:2002)
	at org.apache.derby.impl.services.monitor.TopService.bootModule(TopService.java:334)
	at org.apache.derby.impl.services.monitor.BaseMonitor.startModule(BaseMonitor.java:538)
	at org.apache.derby.impl.services.monitor.FileMonitor.startModule(FileMonitor.java:48)
	at org.apache.derby.iapi.services.monitor.Monitor.bootServiceModule(Monitor.java:460)
	at org.apache.derby.impl.store.raw.RawStore$6.run(RawStore.java:2968)
	at java.base/java.security.AccessController.doPrivileged(AccessController.java:554)
	at org.apache.derby.impl.store.raw.RawStore.bootServiceModule(RawStore.java:2962)
	at org.apache.derby.impl.store.raw.RawStore.boot(RawStore.java:190)
	at org.apache.derby.impl.services.monitor.BaseMonitor.boot(BaseMonitor.java:2002)
	at org.apache.derby.impl.services.monitor.TopService.bootModule(TopService.java:334)
	at org.apache.derby.impl.services.monitor.BaseMonitor.startModule(BaseMonitor.java:538)
	at org.apache.derby.impl.services.monitor.FileMonitor.startModule(FileMonitor.java:48)
	at org.apache.derby.iapi.services.monitor.Monitor.bootServiceModule(Monitor.java:460)
	at org.apache.derby.impl.store.access.RAMAccessManager$5.run(RAMAccessManager.java:1393)
	at java.base/java.security.AccessController.doPrivileged(AccessController.java:554)
	at org.apache.derby.impl.store.access.RAMAccessManager.bootServiceModule(RAMAccessManager.java:1387)
	at org.apache.derby.impl.store.access.RAMAccessManager.boot(RAMAccessManager.java:1039)
	at org.apache.derby.impl.services.monitor.BaseMonitor.boot(BaseMonitor.java:2002)
	at org.apache.derby.impl.services.monitor.TopService.bootModule(TopService.java:334)
	at org.apache.derby.impl.services.monitor.BaseMonitor.startModule(BaseMonitor.java:538)
	at org.apache.derby.impl.services.monitor.FileMonitor.startModule(FileMonitor.java:48)
	at org.apache.derby.iapi.services.monitor.Monitor.bootServiceModule(Monitor.java:460)
	at org.apache.derby.impl.db.BasicDatabase$5.run(BasicDatabase.java:1001)
	at java.base/java.security.AccessController.doPrivileged(AccessController.java:554)
	at org.apache.derby.impl.db.BasicDatabase.bootServiceModule(BasicDatabase.java:995)
	at org.apache.derby.impl.db.BasicDatabase.bootStore(BasicDatabase.java:777)
	at org.apache.derby.impl.db.BasicDatabase.boot(BasicDatabase.java:186)
	at org.apache.derby.impl.services.monitor.BaseMonitor.boot(BaseMonitor.java:2002)
	at org.apache.derby.impl.services.monitor.TopService.bootModule(TopService.java:334)
	at org.apache.derby.impl.services.monitor.BaseMonitor.bootService(BaseMonitor.java:1830)
	at org.apache.derby.impl.services.monitor.BaseMonitor.startProviderService(BaseMonitor.java:1696)
	at org.apache.derby.impl.services.monitor.BaseMonitor.findProviderAndStartService(BaseMonitor.java:1580)
	at org.apache.derby.impl.services.monitor.BaseMonitor.startPersistentService(BaseMonitor.java:999)
	at org.apache.derby.iapi.services.monitor.Monitor.startPersistentService(Monitor.java:598)
	at org.apache.derby.impl.jdbc.EmbedConnection$4.run(EmbedConnection.java:4042)
	at org.apache.derby.impl.jdbc.EmbedConnection$4.run(EmbedConnection.java:4038)
	at java.base/java.security.AccessController.doPrivileged(AccessController.java:554)
	at org.apache.derby.impl.jdbc.EmbedConnection.startPersistentService(EmbedConnection.java:4036)
	at org.apache.derby.impl.jdbc.EmbedConnection.bootDatabase(EmbedConnection.java:2816)
	... 24 more
============= end nested exception, level (1) ===========
============= begin nested exception, level (2) ===========
ERROR XSDB6: XSDB6.D : [0] C:\Users\Velvi\eclipse-workspace\JFX4project1\newDBderby
	at org.apache.derby.shared.common.error.StandardException.newException(StandardException.java:300)
	at org.apache.derby.shared.common.error.StandardException.newException(StandardException.java:295)
	at org.apache.derby.impl.store.raw.data.BaseDataFileFactory.privGetJBMSLockOnDB(BaseDataFileFactory.java:1949)
	at org.apache.derby.impl.store.raw.data.BaseDataFileFactory.run(BaseDataFileFactory.java:2969)
	at java.base/java.security.AccessController.doPrivileged(AccessController.java:554)
	at org.apache.derby.impl.store.raw.data.BaseDataFileFactory.getJBMSLockOnDB(BaseDataFileFactory.java:1891)
	at org.apache.derby.impl.store.raw.data.BaseDataFileFactory.boot(BaseDataFileFactory.java:344)
	at org.apache.derby.impl.services.monitor.BaseMonitor.boot(BaseMonitor.java:2002)
	at org.apache.derby.impl.services.monitor.TopService.bootModule(TopService.java:334)
	at org.apache.derby.impl.services.monitor.BaseMonitor.startModule(BaseMonitor.java:538)
	at org.apache.derby.impl.services.monitor.FileMonitor.startModule(FileMonitor.java:48)
	at org.apache.derby.iapi.services.monitor.Monitor.bootServiceModule(Monitor.java:460)
	at org.apache.derby.impl.store.raw.RawStore$6.run(RawStore.java:2968)
	at java.base/java.security.AccessController.doPrivileged(AccessController.java:554)
	at org.apache.derby.impl.store.raw.RawStore.bootServiceModule(RawStore.java:2962)
	at org.apache.derby.impl.store.raw.RawStore.boot(RawStore.java:190)
	at org.apache.derby.impl.services.monitor.BaseMonitor.boot(BaseMonitor.java:2002)
	at org.apache.derby.impl.services.monitor.TopService.bootModule(TopService.java:334)
	at org.apache.derby.impl.services.monitor.BaseMonitor.startModule(BaseMonitor.java:538)
	at org.apache.derby.impl.services.monitor.FileMonitor.startModule(FileMonitor.java:48)
	at org.apache.derby.iapi.services.monitor.Monitor.bootServiceModule(Monitor.java:460)
	at org.apache.derby.impl.store.access.RAMAccessManager$5.run(RAMAccessManager.java:1393)
	at java.base/java.security.AccessController.doPrivileged(AccessController.java:554)
	at org.apache.derby.impl.store.access.RAMAccessManager.bootServiceModule(RAMAccessManager.java:1387)
	at org.apache.derby.impl.store.access.RAMAccessManager.boot(RAMAccessManager.java:1039)
	at org.apache.derby.impl.services.monitor.BaseMonitor.boot(BaseMonitor.java:2002)
	at org.apache.derby.impl.services.monitor.TopService.bootModule(TopService.java:334)
	at org.apache.derby.impl.services.monitor.BaseMonitor.startModule(BaseMonitor.java:538)
	at org.apache.derby.impl.services.monitor.FileMonitor.startModule(FileMonitor.java:48)
	at org.apache.derby.iapi.services.monitor.Monitor.bootServiceModule(Monitor.java:460)
	at org.apache.derby.impl.db.BasicDatabase$5.run(BasicDatabase.java:1001)
	at java.base/java.security.AccessController.doPrivileged(AccessController.java:554)
	at org.apache.derby.impl.db.BasicDatabase.bootServiceModule(BasicDatabase.java:995)
	at org.apache.derby.impl.db.BasicDatabase.bootStore(BasicDatabase.java:777)
	at org.apache.derby.impl.db.BasicDatabase.boot(BasicDatabase.java:186)
	at org.apache.derby.impl.services.monitor.BaseMonitor.boot(BaseMonitor.java:2002)
	at org.apache.derby.impl.services.monitor.TopService.bootModule(TopService.java:334)
	at org.apache.derby.impl.services.monitor.BaseMonitor.bootService(BaseMonitor.java:1830)
	at org.apache.derby.impl.services.monitor.BaseMonitor.startProviderService(BaseMonitor.java:1696)
	at org.apache.derby.impl.services.monitor.BaseMonitor.findProviderAndStartService(BaseMonitor.java:1580)
	at org.apache.derby.impl.services.monitor.BaseMonitor.startPersistentService(BaseMonitor.java:999)
	at org.apache.derby.iapi.services.monitor.Monitor.startPersistentService(Monitor.java:598)
	at org.apache.derby.impl.jdbc.EmbedConnection$4.run(EmbedConnection.java:4042)
	at org.apache.derby.impl.jdbc.EmbedConnection$4.run(EmbedConnection.java:4038)
	at java.base/java.security.AccessController.doPrivileged(AccessController.java:554)
	at org.apache.derby.impl.jdbc.EmbedConnection.startPersistentService(EmbedConnection.java:4036)
	at org.apache.derby.impl.jdbc.EmbedConnection.bootDatabase(EmbedConnection.java:2816)
	at org.apache.derby.impl.jdbc.EmbedConnection.<init>(EmbedConnection.java:411)
	at org.apache.derby.iapi.jdbc.InternalDriver$1.run(InternalDriver.java:660)
	at org.apache.derby.iapi.jdbc.InternalDriver$1.run(InternalDriver.java:656)
	at java.base/java.security.AccessController.doPrivileged(AccessController.java:554)
	at org.apache.derby.iapi.jdbc.InternalDriver.getNewEmbedConnection(InternalDriver.java:654)
	at org.apache.derby.iapi.jdbc.InternalDriver.connect(InternalDriver.java:300)
	at org.apache.derby.iapi.jdbc.InternalDriver.connect(InternalDriver.java:967)
	at org.apache.derby.iapi.jdbc.AutoloadedDriver.connect(AutoloadedDriver.java:136)
	at java.sql/java.sql.DriverManager.getConnection(DriverManager.java:677)
	at java.sql/java.sql.DriverManager.getConnection(DriverManager.java:251)
	at database.DerbydbClass.<init>(DerbydbClass.java:18)
	at application.ProxyStartController.startdbSAMPLE(ProxyStartController.java:38)
	at application.ProxyStartController.preload(ProxyStartController.java:31)
	at application.ProxyStartController.launch(ProxyStartController.java:21)
	at application.Main_app.start(Main_app.java:38)
	at javafx.graphics/com.sun.javafx.application.LauncherImpl.lambda$launchApplication1$9(LauncherImpl.java:847)
	at javafx.graphics/com.sun.javafx.application.PlatformImpl.lambda$runAndWait$12(PlatformImpl.java:484)
	at javafx.graphics/com.sun.javafx.application.PlatformImpl.lambda$runLater$10(PlatformImpl.java:457)
	at java.base/java.security.AccessController.doPrivileged(AccessController.java:391)
	at javafx.graphics/com.sun.javafx.application.PlatformImpl.lambda$runLater$11(PlatformImpl.java:456)
	at javafx.graphics/com.sun.glass.ui.InvokeLaterDispatcher$Future.run(InvokeLaterDispatcher.java:96)
	at javafx.graphics/com.sun.glass.ui.win.WinApplication._runLoop(Native Method)
	at javafx.graphics/com.sun.glass.ui.win.WinApplication.lambda$runLoop$3(WinApplication.java:184)
	at java.base/java.lang.Thread.run(Thread.java:831)
============= end nested exception, level (2) ===========
Cleanup action completed
Mon Oct 04 15:23:12 CEST 2021 Thread[JavaFX Application Thread,5,main] Cleanup action starting
java.sql.SQLException: XJ040.C : [0] newDBderby, [1] jdk.internal.loader.ClassLoaders$AppClassLoader@3d24753a
	at org.apache.derby.impl.jdbc.SQLExceptionFactory.getSQLException(SQLExceptionFactory.java:115)
	at org.apache.derby.impl.jdbc.SQLExceptionFactory.getSQLException(SQLExceptionFactory.java:141)
	at org.apache.derby.impl.jdbc.Util.seeNextException(Util.java:252)
	at org.apache.derby.impl.jdbc.EmbedConnection.bootDatabase(EmbedConnection.java:2855)
	at org.apache.derby.impl.jdbc.EmbedConnection.<init>(EmbedConnection.java:411)
	at org.apache.derby.iapi.jdbc.InternalDriver$1.run(InternalDriver.java:660)
	at org.apache.derby.iapi.jdbc.InternalDriver$1.run(InternalDriver.java:656)
	at java.base/java.security.AccessController.doPrivileged(AccessController.java:554)
	at org.apache.derby.iapi.jdbc.InternalDriver.getNewEmbedConnection(InternalDriver.java:654)
	at org.apache.derby.iapi.jdbc.InternalDriver.connect(InternalDriver.java:300)
	at org.apache.derby.iapi.jdbc.InternalDriver.connect(InternalDriver.java:967)
	at org.apache.derby.iapi.jdbc.AutoloadedDriver.connect(AutoloadedDriver.java:136)
	at java.sql/java.sql.DriverManager.getConnection(DriverManager.java:677)
	at java.sql/java.sql.DriverManager.getConnection(DriverManager.java:251)
	at database.DerbydbClass.<init>(DerbydbClass.java:18)
	at application.EffectiveStartController.initialize(EffectiveStartController.java:30)
	at java.base/jdk.internal.reflect.NativeMethodAccessorImpl.invoke0(Native Method)
	at java.base/jdk.internal.reflect.NativeMethodAccessorImpl.invoke(NativeMethodAccessorImpl.java:78)
	at java.base/jdk.internal.reflect.DelegatingMethodAccessorImpl.invoke(DelegatingMethodAccessorImpl.java:43)
	at java.base/java.lang.reflect.Method.invoke(Method.java:567)
	at com.sun.javafx.reflect.Trampoline.invoke(MethodUtil.java:77)
	at jdk.internal.reflect.GeneratedMethodAccessor2.invoke(Unknown Source)
	at java.base/jdk.internal.reflect.DelegatingMethodAccessorImpl.invoke(DelegatingMethodAccessorImpl.java:43)
	at java.base/java.lang.reflect.Method.invoke(Method.java:567)
	at javafx.base/com.sun.javafx.reflect.MethodUtil.invoke(MethodUtil.java:275)
	at javafx.fxml/com.sun.javafx.fxml.MethodHelper.invoke(MethodHelper.java:84)
	at javafx.fxml/javafx.fxml.FXMLLoader.loadImpl(FXMLLoader.java:2673)
	at javafx.fxml/javafx.fxml.FXMLLoader.loadImpl(FXMLLoader.java:2548)
	at javafx.fxml/javafx.fxml.FXMLLoader.loadImpl(FXMLLoader.java:3331)
	at javafx.fxml/javafx.fxml.FXMLLoader.loadImpl(FXMLLoader.java:3287)
	at javafx.fxml/javafx.fxml.FXMLLoader.loadImpl(FXMLLoader.java:3255)
	at javafx.fxml/javafx.fxml.FXMLLoader.loadImpl(FXMLLoader.java:3227)
	at javafx.fxml/javafx.fxml.FXMLLoader.loadImpl(FXMLLoader.java:3203)
	at javafx.fxml/javafx.fxml.FXMLLoader.load(FXMLLoader.java:3196)
	at application.EffectiveStartController.launch(EffectiveStartController.java:43)
	at application.ProxyStartController.launch(ProxyStartController.java:22)
	at application.Main_app.start(Main_app.java:38)
	at javafx.graphics/com.sun.javafx.application.LauncherImpl.lambda$launchApplication1$9(LauncherImpl.java:847)
	at javafx.graphics/com.sun.javafx.application.PlatformImpl.lambda$runAndWait$12(PlatformImpl.java:484)
	at javafx.graphics/com.sun.javafx.application.PlatformImpl.lambda$runLater$10(PlatformImpl.java:457)
	at java.base/java.security.AccessController.doPrivileged(AccessController.java:391)
	at javafx.graphics/com.sun.javafx.application.PlatformImpl.lambda$runLater$11(PlatformImpl.java:456)
	at javafx.graphics/com.sun.glass.ui.InvokeLaterDispatcher$Future.run(InvokeLaterDispatcher.java:96)
	at javafx.graphics/com.sun.glass.ui.win.WinApplication._runLoop(Native Method)
	at javafx.graphics/com.sun.glass.ui.win.WinApplication.lambda$runLoop$3(WinApplication.java:184)
	at java.base/java.lang.Thread.run(Thread.java:831)
Caused by: ERROR XJ040: XJ040.C : [0] newDBderby, [1] jdk.internal.loader.ClassLoaders$AppClassLoader@3d24753a
	at org.apache.derby.shared.common.error.StandardException.newException(StandardException.java:300)
	at org.apache.derby.impl.jdbc.SQLExceptionFactory.wrapArgsForTransportAcrossDRDA(SQLExceptionFactory.java:170)
	at org.apache.derby.impl.jdbc.SQLExceptionFactory.getSQLException(SQLExceptionFactory.java:75)
	... 45 more
Caused by: ERROR XSDB6: XSDB6.D : [0] C:\Users\Velvi\eclipse-workspace\JFX4project1\newDBderby
	at org.apache.derby.shared.common.error.StandardException.newException(StandardException.java:300)
	at org.apache.derby.shared.common.error.StandardException.newException(StandardException.java:295)
	at org.apache.derby.impl.store.raw.data.BaseDataFileFactory.privGetJBMSLockOnDB(BaseDataFileFactory.java:1949)
	at org.apache.derby.impl.store.raw.data.BaseDataFileFactory.run(BaseDataFileFactory.java:2969)
	at java.base/java.security.AccessController.doPrivileged(AccessController.java:554)
	at org.apache.derby.impl.store.raw.data.BaseDataFileFactory.getJBMSLockOnDB(BaseDataFileFactory.java:1891)
	at org.apache.derby.impl.store.raw.data.BaseDataFileFactory.boot(BaseDataFileFactory.java:344)
	at org.apache.derby.impl.services.monitor.BaseMonitor.boot(BaseMonitor.java:2002)
	at org.apache.derby.impl.services.monitor.TopService.bootModule(TopService.java:334)
	at org.apache.derby.impl.services.monitor.BaseMonitor.startModule(BaseMonitor.java:538)
	at org.apache.derby.impl.services.monitor.FileMonitor.startModule(FileMonitor.java:48)
	at org.apache.derby.iapi.services.monitor.Monitor.bootServiceModule(Monitor.java:460)
	at org.apache.derby.impl.store.raw.RawStore$6.run(RawStore.java:2968)
	at java.base/java.security.AccessController.doPrivileged(AccessController.java:554)
	at org.apache.derby.impl.store.raw.RawStore.bootServiceModule(RawStore.java:2962)
	at org.apache.derby.impl.store.raw.RawStore.boot(RawStore.java:190)
	at org.apache.derby.impl.services.monitor.BaseMonitor.boot(BaseMonitor.java:2002)
	at org.apache.derby.impl.services.monitor.TopService.bootModule(TopService.java:334)
	at org.apache.derby.impl.services.monitor.BaseMonitor.startModule(BaseMonitor.java:538)
	at org.apache.derby.impl.services.monitor.FileMonitor.startModule(FileMonitor.java:48)
	at org.apache.derby.iapi.services.monitor.Monitor.bootServiceModule(Monitor.java:460)
	at org.apache.derby.impl.store.access.RAMAccessManager$5.run(RAMAccessManager.java:1393)
	at java.base/java.security.AccessController.doPrivileged(AccessController.java:554)
	at org.apache.derby.impl.store.access.RAMAccessManager.bootServiceModule(RAMAccessManager.java:1387)
	at org.apache.derby.impl.store.access.RAMAccessManager.boot(RAMAccessManager.java:1039)
	at org.apache.derby.impl.services.monitor.BaseMonitor.boot(BaseMonitor.java:2002)
	at org.apache.derby.impl.services.monitor.TopService.bootModule(TopService.java:334)
	at org.apache.derby.impl.services.monitor.BaseMonitor.startModule(BaseMonitor.java:538)
	at org.apache.derby.impl.services.monitor.FileMonitor.startModule(FileMonitor.java:48)
	at org.apache.derby.iapi.services.monitor.Monitor.bootServiceModule(Monitor.java:460)
	at org.apache.derby.impl.db.BasicDatabase$5.run(BasicDatabase.java:1001)
	at java.base/java.security.AccessController.doPrivileged(AccessController.java:554)
	at org.apache.derby.impl.db.BasicDatabase.bootServiceModule(BasicDatabase.java:995)
	at org.apache.derby.impl.db.BasicDatabase.bootStore(BasicDatabase.java:777)
	at org.apache.derby.impl.db.BasicDatabase.boot(BasicDatabase.java:186)
	at org.apache.derby.impl.services.monitor.BaseMonitor.boot(BaseMonitor.java:2002)
	at org.apache.derby.impl.services.monitor.TopService.bootModule(TopService.java:334)
	at org.apache.derby.impl.services.monitor.BaseMonitor.bootService(BaseMonitor.java:1830)
	at org.apache.derby.impl.services.monitor.BaseMonitor.startProviderService(BaseMonitor.java:1696)
	at org.apache.derby.impl.services.monitor.BaseMonitor.findProviderAndStartService(BaseMonitor.java:1580)
	at org.apache.derby.impl.services.monitor.BaseMonitor.startPersistentService(BaseMonitor.java:999)
	at org.apache.derby.iapi.services.monitor.Monitor.startPersistentService(Monitor.java:598)
	at org.apache.derby.impl.jdbc.EmbedConnection$4.run(EmbedConnection.java:4042)
	at org.apache.derby.impl.jdbc.EmbedConnection$4.run(EmbedConnection.java:4038)
	at java.base/java.security.AccessController.doPrivileged(AccessController.java:554)
	at org.apache.derby.impl.jdbc.EmbedConnection.startPersistentService(EmbedConnection.java:4036)
	at org.apache.derby.impl.jdbc.EmbedConnection.bootDatabase(EmbedConnection.java:2816)
	... 42 more
============= begin nested exception, level (1) ===========
java.sql.SQLException: XSDB6.D : [0] C:\Users\Velvi\eclipse-workspace\JFX4project1\newDBderby
	at org.apache.derby.impl.jdbc.SQLExceptionFactory.getSQLException(SQLExceptionFactory.java:115)
	at org.apache.derby.impl.jdbc.Util.generateCsSQLException(Util.java:230)
	at org.apache.derby.impl.jdbc.EmbedConnection.bootDatabase(EmbedConnection.java:2853)
	at org.apache.derby.impl.jdbc.EmbedConnection.<init>(EmbedConnection.java:411)
	at org.apache.derby.iapi.jdbc.InternalDriver$1.run(InternalDriver.java:660)
	at org.apache.derby.iapi.jdbc.InternalDriver$1.run(InternalDriver.java:656)
	at java.base/java.security.AccessController.doPrivileged(AccessController.java:554)
	at org.apache.derby.iapi.jdbc.InternalDriver.getNewEmbedConnection(InternalDriver.java:654)
	at org.apache.derby.iapi.jdbc.InternalDriver.connect(InternalDriver.java:300)
	at org.apache.derby.iapi.jdbc.InternalDriver.connect(InternalDriver.java:967)
	at org.apache.derby.iapi.jdbc.AutoloadedDriver.connect(AutoloadedDriver.java:136)
	at java.sql/java.sql.DriverManager.getConnection(DriverManager.java:677)
	at java.sql/java.sql.DriverManager.getConnection(DriverManager.java:251)
	at database.DerbydbClass.<init>(DerbydbClass.java:18)
	at application.EffectiveStartController.initialize(EffectiveStartController.java:30)
	at java.base/jdk.internal.reflect.NativeMethodAccessorImpl.invoke0(Native Method)
	at java.base/jdk.internal.reflect.NativeMethodAccessorImpl.invoke(NativeMethodAccessorImpl.java:78)
	at java.base/jdk.internal.reflect.DelegatingMethodAccessorImpl.invoke(DelegatingMethodAccessorImpl.java:43)
	at java.base/java.lang.reflect.Method.invoke(Method.java:567)
	at com.sun.javafx.reflect.Trampoline.invoke(MethodUtil.java:77)
	at jdk.internal.reflect.GeneratedMethodAccessor2.invoke(Unknown Source)
	at java.base/jdk.internal.reflect.DelegatingMethodAccessorImpl.invoke(DelegatingMethodAccessorImpl.java:43)
	at java.base/java.lang.reflect.Method.invoke(Method.java:567)
	at javafx.base/com.sun.javafx.reflect.MethodUtil.invoke(MethodUtil.java:275)
	at javafx.fxml/com.sun.javafx.fxml.MethodHelper.invoke(MethodHelper.java:84)
	at javafx.fxml/javafx.fxml.FXMLLoader.loadImpl(FXMLLoader.java:2673)
	at javafx.fxml/javafx.fxml.FXMLLoader.loadImpl(FXMLLoader.java:2548)
	at javafx.fxml/javafx.fxml.FXMLLoader.loadImpl(FXMLLoader.java:3331)
	at javafx.fxml/javafx.fxml.FXMLLoader.loadImpl(FXMLLoader.java:3287)
	at javafx.fxml/javafx.fxml.FXMLLoader.loadImpl(FXMLLoader.java:3255)
	at javafx.fxml/javafx.fxml.FXMLLoader.loadImpl(FXMLLoader.java:3227)
	at javafx.fxml/javafx.fxml.FXMLLoader.loadImpl(FXMLLoader.java:3203)
	at javafx.fxml/javafx.fxml.FXMLLoader.load(FXMLLoader.java:3196)
	at application.EffectiveStartController.launch(EffectiveStartController.java:43)
	at application.ProxyStartController.launch(ProxyStartController.java:22)
	at application.Main_app.start(Main_app.java:38)
	at javafx.graphics/com.sun.javafx.application.LauncherImpl.lambda$launchApplication1$9(LauncherImpl.java:847)
	at javafx.graphics/com.sun.javafx.application.PlatformImpl.lambda$runAndWait$12(PlatformImpl.java:484)
	at javafx.graphics/com.sun.javafx.application.PlatformImpl.lambda$runLater$10(PlatformImpl.java:457)
	at java.base/java.security.AccessController.doPrivileged(AccessController.java:391)
	at javafx.graphics/com.sun.javafx.application.PlatformImpl.lambda$runLater$11(PlatformImpl.java:456)
	at javafx.graphics/com.sun.glass.ui.InvokeLaterDispatcher$Future.run(InvokeLaterDispatcher.java:96)
	at javafx.graphics/com.sun.glass.ui.win.WinApplication._runLoop(Native Method)
	at javafx.graphics/com.sun.glass.ui.win.WinApplication.lambda$runLoop$3(WinApplication.java:184)
	at java.base/java.lang.Thread.run(Thread.java:831)
Caused by: ERROR XSDB6: XSDB6.D : [0] C:\Users\Velvi\eclipse-workspace\JFX4project1\newDBderby
	at org.apache.derby.shared.common.error.StandardException.newException(StandardException.java:300)
	at org.apache.derby.shared.common.error.StandardException.newException(StandardException.java:295)
	at org.apache.derby.impl.store.raw.data.BaseDataFileFactory.privGetJBMSLockOnDB(BaseDataFileFactory.java:1949)
	at org.apache.derby.impl.store.raw.data.BaseDataFileFactory.run(BaseDataFileFactory.java:2969)
	at java.base/java.security.AccessController.doPrivileged(AccessController.java:554)
	at org.apache.derby.impl.store.raw.data.BaseDataFileFactory.getJBMSLockOnDB(BaseDataFileFactory.java:1891)
	at org.apache.derby.impl.store.raw.data.BaseDataFileFactory.boot(BaseDataFileFactory.java:344)
	at org.apache.derby.impl.services.monitor.BaseMonitor.boot(BaseMonitor.java:2002)
	at org.apache.derby.impl.services.monitor.TopService.bootModule(TopService.java:334)
	at org.apache.derby.impl.services.monitor.BaseMonitor.startModule(BaseMonitor.java:538)
	at org.apache.derby.impl.services.monitor.FileMonitor.startModule(FileMonitor.java:48)
	at org.apache.derby.iapi.services.monitor.Monitor.bootServiceModule(Monitor.java:460)
	at org.apache.derby.impl.store.raw.RawStore$6.run(RawStore.java:2968)
	at java.base/java.security.AccessController.doPrivileged(AccessController.java:554)
	at org.apache.derby.impl.store.raw.RawStore.bootServiceModule(RawStore.java:2962)
	at org.apache.derby.impl.store.raw.RawStore.boot(RawStore.java:190)
	at org.apache.derby.impl.services.monitor.BaseMonitor.boot(BaseMonitor.java:2002)
	at org.apache.derby.impl.services.monitor.TopService.bootModule(TopService.java:334)
	at org.apache.derby.impl.services.monitor.BaseMonitor.startModule(BaseMonitor.java:538)
	at org.apache.derby.impl.services.monitor.FileMonitor.startModule(FileMonitor.java:48)
	at org.apache.derby.iapi.services.monitor.Monitor.bootServiceModule(Monitor.java:460)
	at org.apache.derby.impl.store.access.RAMAccessManager$5.run(RAMAccessManager.java:1393)
	at java.base/java.security.AccessController.doPrivileged(AccessController.java:554)
	at org.apache.derby.impl.store.access.RAMAccessManager.bootServiceModule(RAMAccessManager.java:1387)
	at org.apache.derby.impl.store.access.RAMAccessManager.boot(RAMAccessManager.java:1039)
	at org.apache.derby.impl.services.monitor.BaseMonitor.boot(BaseMonitor.java:2002)
	at org.apache.derby.impl.services.monitor.TopService.bootModule(TopService.java:334)
	at org.apache.derby.impl.services.monitor.BaseMonitor.startModule(BaseMonitor.java:538)
	at org.apache.derby.impl.services.monitor.FileMonitor.startModule(FileMonitor.java:48)
	at org.apache.derby.iapi.services.monitor.Monitor.bootServiceModule(Monitor.java:460)
	at org.apache.derby.impl.db.BasicDatabase$5.run(BasicDatabase.java:1001)
	at java.base/java.security.AccessController.doPrivileged(AccessController.java:554)
	at org.apache.derby.impl.db.BasicDatabase.bootServiceModule(BasicDatabase.java:995)
	at org.apache.derby.impl.db.BasicDatabase.bootStore(BasicDatabase.java:777)
	at org.apache.derby.impl.db.BasicDatabase.boot(BasicDatabase.java:186)
	at org.apache.derby.impl.services.monitor.BaseMonitor.boot(BaseMonitor.java:2002)
	at org.apache.derby.impl.services.monitor.TopService.bootModule(TopService.java:334)
	at org.apache.derby.impl.services.monitor.BaseMonitor.bootService(BaseMonitor.java:1830)
	at org.apache.derby.impl.services.monitor.BaseMonitor.startProviderService(BaseMonitor.java:1696)
	at org.apache.derby.impl.services.monitor.BaseMonitor.findProviderAndStartService(BaseMonitor.java:1580)
	at org.apache.derby.impl.services.monitor.BaseMonitor.startPersistentService(BaseMonitor.java:999)
	at org.apache.derby.iapi.services.monitor.Monitor.startPersistentService(Monitor.java:598)
	at org.apache.derby.impl.jdbc.EmbedConnection$4.run(EmbedConnection.java:4042)
	at org.apache.derby.impl.jdbc.EmbedConnection$4.run(EmbedConnection.java:4038)
	at java.base/java.security.AccessController.doPrivileged(AccessController.java:554)
	at org.apache.derby.impl.jdbc.EmbedConnection.startPersistentService(EmbedConnection.java:4036)
	at org.apache.derby.impl.jdbc.EmbedConnection.bootDatabase(EmbedConnection.java:2816)
	... 42 more
============= end nested exception, level (1) ===========
============= begin nested exception, level (2) ===========
ERROR XSDB6: XSDB6.D : [0] C:\Users\Velvi\eclipse-workspace\JFX4project1\newDBderby
	at org.apache.derby.shared.common.error.StandardException.newException(StandardException.java:300)
	at org.apache.derby.shared.common.error.StandardException.newException(StandardException.java:295)
	at org.apache.derby.impl.store.raw.data.BaseDataFileFactory.privGetJBMSLockOnDB(BaseDataFileFactory.java:1949)
	at org.apache.derby.impl.store.raw.data.BaseDataFileFactory.run(BaseDataFileFactory.java:2969)
	at java.base/java.security.AccessController.doPrivileged(AccessController.java:554)
	at org.apache.derby.impl.store.raw.data.BaseDataFileFactory.getJBMSLockOnDB(BaseDataFileFactory.java:1891)
	at org.apache.derby.impl.store.raw.data.BaseDataFileFactory.boot(BaseDataFileFactory.java:344)
	at org.apache.derby.impl.services.monitor.BaseMonitor.boot(BaseMonitor.java:2002)
	at org.apache.derby.impl.services.monitor.TopService.bootModule(TopService.java:334)
	at org.apache.derby.impl.services.monitor.BaseMonitor.startModule(BaseMonitor.java:538)
	at org.apache.derby.impl.services.monitor.FileMonitor.startModule(FileMonitor.java:48)
	at org.apache.derby.iapi.services.monitor.Monitor.bootServiceModule(Monitor.java:460)
	at org.apache.derby.impl.store.raw.RawStore$6.run(RawStore.java:2968)
	at java.base/java.security.AccessController.doPrivileged(AccessController.java:554)
	at org.apache.derby.impl.store.raw.RawStore.bootServiceModule(RawStore.java:2962)
	at org.apache.derby.impl.store.raw.RawStore.boot(RawStore.java:190)
	at org.apache.derby.impl.services.monitor.BaseMonitor.boot(BaseMonitor.java:2002)
	at org.apache.derby.impl.services.monitor.TopService.bootModule(TopService.java:334)
	at org.apache.derby.impl.services.monitor.BaseMonitor.startModule(BaseMonitor.java:538)
	at org.apache.derby.impl.services.monitor.FileMonitor.startModule(FileMonitor.java:48)
	at org.apache.derby.iapi.services.monitor.Monitor.bootServiceModule(Monitor.java:460)
	at org.apache.derby.impl.store.access.RAMAccessManager$5.run(RAMAccessManager.java:1393)
	at java.base/java.security.AccessController.doPrivileged(AccessController.java:554)
	at org.apache.derby.impl.store.access.RAMAccessManager.bootServiceModule(RAMAccessManager.java:1387)
	at org.apache.derby.impl.store.access.RAMAccessManager.boot(RAMAccessManager.java:1039)
	at org.apache.derby.impl.services.monitor.BaseMonitor.boot(BaseMonitor.java:2002)
	at org.apache.derby.impl.services.monitor.TopService.bootModule(TopService.java:334)
	at org.apache.derby.impl.services.monitor.BaseMonitor.startModule(BaseMonitor.java:538)
	at org.apache.derby.impl.services.monitor.FileMonitor.startModule(FileMonitor.java:48)
	at org.apache.derby.iapi.services.monitor.Monitor.bootServiceModule(Monitor.java:460)
	at org.apache.derby.impl.db.BasicDatabase$5.run(BasicDatabase.java:1001)
	at java.base/java.security.AccessController.doPrivileged(AccessController.java:554)
	at org.apache.derby.impl.db.BasicDatabase.bootServiceModule(BasicDatabase.java:995)
	at org.apache.derby.impl.db.BasicDatabase.bootStore(BasicDatabase.java:777)
	at org.apache.derby.impl.db.BasicDatabase.boot(BasicDatabase.java:186)
	at org.apache.derby.impl.services.monitor.BaseMonitor.boot(BaseMonitor.java:2002)
	at org.apache.derby.impl.services.monitor.TopService.bootModule(TopService.java:334)
	at org.apache.derby.impl.services.monitor.BaseMonitor.bootService(BaseMonitor.java:1830)
	at org.apache.derby.impl.services.monitor.BaseMonitor.startProviderService(BaseMonitor.java:1696)
	at org.apache.derby.impl.services.monitor.BaseMonitor.findProviderAndStartService(BaseMonitor.java:1580)
	at org.apache.derby.impl.services.monitor.BaseMonitor.startPersistentService(BaseMonitor.java:999)
	at org.apache.derby.iapi.services.monitor.Monitor.startPersistentService(Monitor.java:598)
	at org.apache.derby.impl.jdbc.EmbedConnection$4.run(EmbedConnection.java:4042)
	at org.apache.derby.impl.jdbc.EmbedConnection$4.run(EmbedConnection.java:4038)
	at java.base/java.security.AccessController.doPrivileged(AccessController.java:554)
	at org.apache.derby.impl.jdbc.EmbedConnection.startPersistentService(EmbedConnection.java:4036)
	at org.apache.derby.impl.jdbc.EmbedConnection.bootDatabase(EmbedConnection.java:2816)
	at org.apache.derby.impl.jdbc.EmbedConnection.<init>(EmbedConnection.java:411)
	at org.apache.derby.iapi.jdbc.InternalDriver$1.run(InternalDriver.java:660)
	at org.apache.derby.iapi.jdbc.InternalDriver$1.run(InternalDriver.java:656)
	at java.base/java.security.AccessController.doPrivileged(AccessController.java:554)
	at org.apache.derby.iapi.jdbc.InternalDriver.getNewEmbedConnection(InternalDriver.java:654)
	at org.apache.derby.iapi.jdbc.InternalDriver.connect(InternalDriver.java:300)
	at org.apache.derby.iapi.jdbc.InternalDriver.connect(InternalDriver.java:967)
	at org.apache.derby.iapi.jdbc.AutoloadedDriver.connect(AutoloadedDriver.java:136)
	at java.sql/java.sql.DriverManager.getConnection(DriverManager.java:677)
	at java.sql/java.sql.DriverManager.getConnection(DriverManager.java:251)
	at database.DerbydbClass.<init>(DerbydbClass.java:18)
	at application.EffectiveStartController.initialize(EffectiveStartController.java:30)
	at java.base/jdk.internal.reflect.NativeMethodAccessorImpl.invoke0(Native Method)
	at java.base/jdk.internal.reflect.NativeMethodAccessorImpl.invoke(NativeMethodAccessorImpl.java:78)
	at java.base/jdk.internal.reflect.DelegatingMethodAccessorImpl.invoke(DelegatingMethodAccessorImpl.java:43)
	at java.base/java.lang.reflect.Method.invoke(Method.java:567)
	at com.sun.javafx.reflect.Trampoline.invoke(MethodUtil.java:77)
	at jdk.internal.reflect.GeneratedMethodAccessor2.invoke(Unknown Source)
	at java.base/jdk.internal.reflect.DelegatingMethodAccessorImpl.invoke(DelegatingMethodAccessorImpl.java:43)
	at java.base/java.lang.reflect.Method.invoke(Method.java:567)
	at javafx.base/com.sun.javafx.reflect.MethodUtil.invoke(MethodUtil.java:275)
	at javafx.fxml/com.sun.javafx.fxml.MethodHelper.invoke(MethodHelper.java:84)
	at javafx.fxml/javafx.fxml.FXMLLoader.loadImpl(FXMLLoader.java:2673)
	at javafx.fxml/javafx.fxml.FXMLLoader.loadImpl(FXMLLoader.java:2548)
	at javafx.fxml/javafx.fxml.FXMLLoader.loadImpl(FXMLLoader.java:3331)
	at javafx.fxml/javafx.fxml.FXMLLoader.loadImpl(FXMLLoader.java:3287)
	at javafx.fxml/javafx.fxml.FXMLLoader.loadImpl(FXMLLoader.java:3255)
	at javafx.fxml/javafx.fxml.FXMLLoader.loadImpl(FXMLLoader.java:3227)
	at javafx.fxml/javafx.fxml.FXMLLoader.loadImpl(FXMLLoader.java:3203)
	at javafx.fxml/javafx.fxml.FXMLLoader.load(FXMLLoader.java:3196)
	at application.EffectiveStartController.launch(EffectiveStartController.java:43)
	at application.ProxyStartController.launch(ProxyStartController.java:22)
	at application.Main_app.start(Main_app.java:38)
	at javafx.graphics/com.sun.javafx.application.LauncherImpl.lambda$launchApplication1$9(LauncherImpl.java:847)
	at javafx.graphics/com.sun.javafx.application.PlatformImpl.lambda$runAndWait$12(PlatformImpl.java:484)
	at javafx.graphics/com.sun.javafx.application.PlatformImpl.lambda$runLater$10(PlatformImpl.java:457)
	at java.base/java.security.AccessController.doPrivileged(AccessController.java:391)
	at javafx.graphics/com.sun.javafx.application.PlatformImpl.lambda$runLater$11(PlatformImpl.java:456)
	at javafx.graphics/com.sun.glass.ui.InvokeLaterDispatcher$Future.run(InvokeLaterDispatcher.java:96)
	at javafx.graphics/com.sun.glass.ui.win.WinApplication._runLoop(Native Method)
	at javafx.graphics/com.sun.glass.ui.win.WinApplication.lambda$runLoop$3(WinApplication.java:184)
	at java.base/java.lang.Thread.run(Thread.java:831)
============= end nested exception, level (2) ===========
Cleanup action completed
